<?xml version="1.0" encoding="UTF-8"?>
<!-- Generated by org.testng.reporters.JUnitReportReporter -->
<testsuite hostname="Sharu-PC" name="com.altemetrik.LinkedIn_Aut.Signuptest" tests="2" failures="0" timestamp="11 May 2020 09:38:54 GMT" time="28.662" errors="0">
  <testcase name="signuptest" time="21.423" classname="com.altemetrik.LinkedIn_Aut.Signuptest"/>
  <testcase name="launchsite" time="7.239" classname="com.altemetrik.LinkedIn_Aut.Signuptest"/>
</testsuite> <!-- com.altemetrik.LinkedIn_Aut.Signuptest -->
